app/build/outputs/logs/manifest-merger-debug-report.txt
-- Merging decision tree log ---
manifest
ADDED from src/main/AndroidManifest.xml:2:1-62:12
	package
		ADDED from src/main/AndroidManifest.xml:3:2-48
		INJECTED from src/main/AndroidManifest.xml
		INJECTED from src/main/AndroidManifest.xml
	android:sharedUserId
		ADDED from src/main/AndroidManifest.xml:4:2-51
	android:versionName
		ADDED from src/main/AndroidManifest.xml:5:2-41
		INJECTED from src/main/AndroidManifest.xml
		INJECTED from src/main/AndroidManifest.xml
	android:versionCode
		ADDED from src/main/AndroidManifest.xml:5:42-66
		INJECTED from src/main/AndroidManifest.xml
		INJECTED from src/main/AndroidManifest.xml
	xmlns:android
		ADDED from src/main/AndroidManifest.xml:2:11-69
uses-sdk
ADDED from src/main/AndroidManifest.xml:6:2-40
	android:targetSdkVersion
		INJECTED from src/main/AndroidManifest.xml
		INJECTED from src/main/AndroidManifest.xml
	android:minSdkVersion
		ADDED from src/main/AndroidManifest.xml:6:12-37
		INJECTED from src/main/AndroidManifest.xml
		INJECTED from src/main/AndroidManifest.xml
uses-permission#android.permission.VIBRATE
ADDED from src/main/AndroidManifest.xml:7:2-63
	android:name
		ADDED from src/main/AndroidManifest.xml:7:19-60
uses-permission#android.permission.WRITE_SETTINGS
ADDED from src/main/AndroidManifest.xml:8:2-70
	android:name
		ADDED from src/main/AndroidManifest.xml:8:19-67
uses-permission#android.permission.READ_CONTACTS
ADDED from src/main/AndroidManifest.xml:9:2-69
	android:name
		ADDED from src/main/AndroidManifest.xml:9:19-66
uses-permission#android.permission.READ_USER_DICTIONARY
ADDED from src/main/AndroidManifest.xml:10:2-76
	android:name
		ADDED from src/main/AndroidManifest.xml:10:19-73
application
ADDED from src/main/AndroidManifest.xml:11:2-61:16
	android:label
		ADDED from src/main/AndroidManifest.xml:11:45-77
	android:icon
		ADDED from src/main/AndroidManifest.xml:11:15-44
provider#com.shapewriter.android.softkeyboard.SWI_LanguageProvider
ADDED from src/main/AndroidManifest.xml:12:3-14:11
	android:authorities
		ADDED from src/main/AndroidManifest.xml:13:13-92
	android:name
		ADDED from src/main/AndroidManifest.xml:12:13-48
provider#com.shapewriter.android.softkeyboard.SWI_SkinProvider
ADDED from src/main/AndroidManifest.xml:15:9-17:11
	android:authorities
		ADDED from src/main/AndroidManifest.xml:16:13-88
	android:name
		ADDED from src/main/AndroidManifest.xml:15:19-50
provider#com.shapewriter.android.softkeyboard.SWI_DatabaseManage
ADDED from src/main/AndroidManifest.xml:18:9-20:7
	android:authorities
		ADDED from src/main/AndroidManifest.xml:19:4-81
	android:name
		ADDED from src/main/AndroidManifest.xml:18:19-52
service#com.shapewriter.android.softkeyboard.SWI_SoftkeyboardService
ADDED from src/main/AndroidManifest.xml:21:3-27:13
	android:permission
		ADDED from src/main/AndroidManifest.xml:22:4-61
	android:name
		ADDED from src/main/AndroidManifest.xml:21:12-50
intent-filter#android.view.InputMethod
ADDED from src/main/AndroidManifest.xml:23:4-25:20
action#android.view.InputMethod
ADDED from src/main/AndroidManifest.xml:24:6-56
	android:name
		ADDED from src/main/AndroidManifest.xml:24:14-53
meta-data#android.view.im
ADDED from src/main/AndroidManifest.xml:26:4-79
	android:resource
		ADDED from src/main/AndroidManifest.xml:26:46-76
	android:name
		ADDED from src/main/AndroidManifest.xml:26:15-45
activity#com.shapewriter.android.softkeyboard.SWI_IMESettings
ADDED from src/main/AndroidManifest.xml:29:3-33:14
	android:label
		ADDED from src/main/AndroidManifest.xml:29:44-92
	android:name
		ADDED from src/main/AndroidManifest.xml:29:13-43
intent-filter#android.intent.action.MAIN
ADDED from src/main/AndroidManifest.xml:30:4-32:20
action#android.intent.action.MAIN
ADDED from src/main/AndroidManifest.xml:31:5-57
	android:name
		ADDED from src/main/AndroidManifest.xml:31:13-54
activity#com.shapewriter.android.softkeyboard.SWI_EditDatabase
ADDED from src/main/AndroidManifest.xml:34:3-36:14
	android:label
		ADDED from src/main/AndroidManifest.xml:35:4-43
	android:name
		ADDED from src/main/AndroidManifest.xml:34:13-44
activity#com.shapewriter.android.softkeyboard.SWI_StartPage
ADDED from src/main/AndroidManifest.xml:37:3-43:20
	android:label
		ADDED from src/main/AndroidManifest.xml:38:19-51
	android:name
		ADDED from src/main/AndroidManifest.xml:37:13-41
intent-filter#android.intent.action.MAIN+android.intent.category.LAUNCHER
ADDED from src/main/AndroidManifest.xml:39:13-42:29
category#android.intent.category.LAUNCHER
ADDED from src/main/AndroidManifest.xml:41:17-77
	android:name
		ADDED from src/main/AndroidManifest.xml:41:27-74
activity#com.shapewriter.android.softkeyboard.game.SWI_BalloonGameActivity
ADDED from src/main/AndroidManifest.xml:45:3-50:14
	android:windowSoftInputMode
		ADDED from src/main/AndroidManifest.xml:46:6-48
	android:name
		ADDED from src/main/AndroidManifest.xml:45:13-57
activity#com.shapewriter.android.softkeyboard.game.SWI_SubmitScoreActivity
ADDED from src/main/AndroidManifest.xml:52:3-54:14
	android:theme
		ADDED from src/main/AndroidManifest.xml:53:4-47
	android:name
		ADDED from src/main/AndroidManifest.xml:52:13-57
activity#com.shapewriter.android.softkeyboard.SWI_CommandPage
ADDED from src/main/AndroidManifest.xml:56:3-60:14
	android:name
		ADDED from src/main/AndroidManifest.xml:56:13-43